[00:00:00] [Server thread/INFO] [tombstone]: All players have been successfully backed up
[00:00:30] [Thread-174/WARN] [com.mojang.authlib.yggdrasil.YggdrasilMinecraftSessionService]: Couldn't look up profile properties for com.mojang.authlib.GameProfile@3269c810[id=c4fb643e-540e-43d7-ac5d-b0e53bca9908,name=KiwiFails,properties={},legacy=false]
com.mojang.authlib.exceptions.AuthenticationException: The client has sent too many requests within a certain amount of time
	at com.mojang.authlib.yggdrasil.YggdrasilAuthenticationService.makeRequest(YggdrasilAuthenticationService.java:79) ~[YggdrasilAuthenticationService.class:?]
	at com.mojang.authlib.yggdrasil.YggdrasilMinecraftSessionService.fillGameProfile(YggdrasilMinecraftSessionService.java:180) [YggdrasilMinecraftSessionService.class:?]
	at com.mojang.authlib.yggdrasil.YggdrasilMinecraftSessionService.fillProfileProperties(YggdrasilMinecraftSessionService.java:173) [YggdrasilMinecraftSessionService.class:?]
	at net.minecraft.tileentity.TileEntitySkull.func_174884_b(SourceFile:151) [awd.class:?]
	at ganymedes01.headcrumbs.utils.ThreadedProfileFiller$1.run(ThreadedProfileFiller.java:25) [ThreadedProfileFiller$1.class:?]
	at java.lang.Thread.run(Thread.java:748) [?:1.8.0_222]
[00:01:21] [Server thread/INFO] [morpheus]: Kyuukiya is now sleeping. 1/2 (50%)
[00:01:22] [Server thread/WARN] [net.minecraft.network.NetHandlerPlayServer]: Kyuukiya moved wrongly!
[00:01:46] [Server thread/WARN] [net.minecraft.network.NetHandlerPlayServer]: svartephilip moved too quickly! 0.0,336.7906589524545,0.0
[00:01:47] [Server thread/WARN] [net.minecraft.network.NetHandlerPlayServer]: Kyuukiya moved too quickly! 0.0,333.0204476714206,0.0
[00:01:52] [Server thread/INFO] [net.minecraft.server.dedicated.DedicatedServer]: Kyuukiya fell from a high place
[00:01:52] [Server thread/INFO] [tombstone]: The last known grave of Kyuukiya is at location [name:Last Grave, x:4, y:70, z:-4] in the dimension 0
[00:01:54] [Server thread/INFO] [journeymap]: Kyuukiya joining dimension 0
[00:01:59] [Server thread/INFO] [net.minecraft.server.dedicated.DedicatedServer]: svartephilip fell out of the water
[00:01:59] [Server thread/INFO] [tombstone]: The last known grave of svartephilip is at location [name:Last Grave, x:7, y:66, z:6] in the dimension 0
[00:02:02] [Server thread/INFO] [journeymap]: svartephilip joining dimension 0
[00:08:27] [Aromabackup-Backup/OFF] [Aroma1997Core]: Message to players; Message: Starting Backup. The server may lag for a bit!
[00:08:27] [Aromabackup-Backup/INFO] [net.minecraft.server.dedicated.DedicatedServer]: [AromaBackup] Starting Backup. The server may lag for a bit!
[00:08:29] [Server thread/INFO] [net.minecraft.world.chunk.storage.AnvilChunkLoader]: ThreadedAnvilChunkStorage (world): All chunks are saved
[00:08:29] [Server thread/INFO] [net.minecraft.world.chunk.storage.AnvilChunkLoader]: ThreadedAnvilChunkStorage (DIM2): All chunks are saved
[00:08:29] [Aromabackup-Backup/INFO] [AromaBackup]: Deleted backup ./backups/world/Backup--world--2019-09-25--21-57.zip.
[00:08:29] [Aromabackup-Backup/OFF] [Aroma1997Core]: Message to players; Message: Server Backup done!
[00:08:29] [Aromabackup-Backup/INFO] [net.minecraft.server.dedicated.DedicatedServer]: [AromaBackup] Server Backup done!
[00:09:29] [Server thread/WARN] [net.minecraft.network.NetHandlerPlayServer]: svartephilip moved too quickly! 0.0,333.5331258801193,0.0
[00:10:41] [Server thread/WARN] [net.minecraft.network.NetHandlerPlayServer]: svartephilip moved too quickly! 0.0,333.45183057022854,0.0
[00:10:49] [Server thread/INFO] [net.minecraft.server.dedicated.DedicatedServer]: svartephilip fell from a high place
[00:10:49] [Server thread/INFO] [tombstone]: The last known grave of svartephilip is at location [name:Last Grave, x:13, y:65, z:1] in the dimension 0
[00:10:50] [Server thread/INFO] [journeymap]: svartephilip joining dimension 0
[00:12:46] [Server thread/INFO] [morpheus]: Kyuukiya is now sleeping. 1/2 (50%)
[00:12:46] [Server thread/WARN] [net.minecraft.network.NetHandlerPlayServer]: Kyuukiya moved wrongly!
[00:24:31] [Server thread/INFO] [morpheus]: Kyuukiya is now sleeping. 1/2 (50%)
[00:24:32] [Server thread/WARN] [net.minecraft.network.NetHandlerPlayServer]: Kyuukiya moved wrongly!
[00:38:27] [Aromabackup-Backup/OFF] [Aroma1997Core]: Message to players; Message: Starting Backup. The server may lag for a bit!
[00:38:27] [Aromabackup-Backup/INFO] [net.minecraft.server.dedicated.DedicatedServer]: [AromaBackup] Starting Backup. The server may lag for a bit!
[00:38:29] [Server thread/INFO] [net.minecraft.world.chunk.storage.AnvilChunkLoader]: ThreadedAnvilChunkStorage (world): All chunks are saved
[00:38:29] [Server thread/INFO] [net.minecraft.world.chunk.storage.AnvilChunkLoader]: ThreadedAnvilChunkStorage (DIM2): All chunks are saved
[00:38:29] [Aromabackup-Backup/INFO] [AromaBackup]: Deleted backup ./backups/world/Backup--world--2019-09-25--22-27.zip.
[00:38:29] [Aromabackup-Backup/OFF] [Aroma1997Core]: Message to players; Message: Server Backup done!
[00:38:29] [Aromabackup-Backup/INFO] [net.minecraft.server.dedicated.DedicatedServer]: [AromaBackup] Server Backup done!
[00:56:46] [Thread-198/WARN] [com.mojang.authlib.yggdrasil.YggdrasilMinecraftSessionService]: Couldn't look up profile properties for com.mojang.authlib.GameProfile@167196a3[id=7f6971c5-fb58-4519-a975-b1b5766e92d1,name=HellFirePvP,properties={},legacy=false]
com.mojang.authlib.exceptions.AuthenticationException: The client has sent too many requests within a certain amount of time
	at com.mojang.authlib.yggdrasil.YggdrasilAuthenticationService.makeRequest(YggdrasilAuthenticationService.java:79) ~[YggdrasilAuthenticationService.class:?]
	at com.mojang.authlib.yggdrasil.YggdrasilMinecraftSessionService.fillGameProfile(YggdrasilMinecraftSessionService.java:180) [YggdrasilMinecraftSessionService.class:?]
	at com.mojang.authlib.yggdrasil.YggdrasilMinecraftSessionService.fillProfileProperties(YggdrasilMinecraftSessionService.java:173) [YggdrasilMinecraftSessionService.class:?]
	at net.minecraft.tileentity.TileEntitySkull.func_174884_b(SourceFile:151) [awd.class:?]
	at ganymedes01.headcrumbs.utils.ThreadedProfileFiller$1.run(ThreadedProfileFiller.java:25) [ThreadedProfileFiller$1.class:?]
	at java.lang.Thread.run(Thread.java:748) [?:1.8.0_222]
[00:58:44] [Server thread/INFO] [morpheus]: svartephilip is now sleeping. 1/2 (50%)
[00:58:44] [Server thread/WARN] [net.minecraft.network.NetHandlerPlayServer]: svartephilip moved wrongly!
[01:00:02] [Server thread/WARN] [net.minecraft.server.MinecraftServer]: Can't keep up! Did the system time change, or is the server overloaded? Running 3200ms behind, skipping 64 tick(s)
[01:06:24] [Server thread/WARN] [net.minecraft.server.MinecraftServer]: Can't keep up! Did the system time change, or is the server overloaded? Running 2025ms behind, skipping 40 tick(s)
[01:08:27] [Aromabackup-Backup/OFF] [Aroma1997Core]: Message to players; Message: Starting Backup. The server may lag for a bit!
[01:08:27] [Aromabackup-Backup/INFO] [net.minecraft.server.dedicated.DedicatedServer]: [AromaBackup] Starting Backup. The server may lag for a bit!
[01:08:29] [Server thread/INFO] [net.minecraft.world.chunk.storage.AnvilChunkLoader]: ThreadedAnvilChunkStorage (world): All chunks are saved
[01:08:29] [Server thread/INFO] [net.minecraft.world.chunk.storage.AnvilChunkLoader]: ThreadedAnvilChunkStorage (DIM2): All chunks are saved
[01:08:29] [Aromabackup-Backup/INFO] [AromaBackup]: Deleted backup ./backups/world/Backup--world--2019-09-26--16-47.zip.
[01:08:29] [Aromabackup-Backup/OFF] [Aroma1997Core]: Message to players; Message: Server Backup done!
[01:08:29] [Aromabackup-Backup/INFO] [net.minecraft.server.dedicated.DedicatedServer]: [AromaBackup] Server Backup done!
[01:25:12] [Server thread/INFO] [net.minecraft.server.dedicated.DedicatedServer]: Kyuukiya has made the advancement [Nothing Really Mattocks]
[01:28:05] [Server thread/INFO] [net.minecraft.network.NetHandlerPlayServer]: Kyuukiya lost connection: Disconnected
[01:28:05] [Server thread/INFO] [net.minecraft.server.dedicated.DedicatedServer]: Kyuukiya left the game
[01:28:57] [Server thread/INFO] [net.minecraft.network.NetHandlerPlayServer]: svartephilip lost connection: Disconnected
[01:28:57] [Server thread/INFO] [net.minecraft.server.dedicated.DedicatedServer]: svartephilip left the game
[01:29:13] [Server thread/INFO] [net.minecraft.server.dedicated.DedicatedServer]: Stopping the server
[01:29:13] [Server thread/INFO] [AromaBackup]: Delaying server stop to finish Backup.
[01:29:13] [Server thread/INFO] [Prestige]: Saving data for 0d4305fd-4218-4222-a587-97177a14fc24.
[01:29:13] [Server thread/INFO] [Prestige]: Saving data for 8742f0f1-ead2-4b69-9575-3bc02449604e.
[01:29:13] [Server thread/INFO] [net.minecraft.server.MinecraftServer]: Stopping server
[01:29:13] [Server thread/INFO] [net.minecraft.server.MinecraftServer]: Saving players
[01:29:13] [Server thread/INFO] [net.minecraft.server.MinecraftServer]: Saving worlds
[01:29:13] [Server thread/INFO] [net.minecraft.server.MinecraftServer]: Saving chunks for level 'world'/DIM_0
[01:29:13] [Server thread/INFO] [net.minecraft.server.MinecraftServer]: Saving chunks for level 'world'/Storage Cell
[01:29:13] [Server thread/INFO] [FML]: Unloading dimension 0
[01:29:13] [Server thread/INFO] [FML]: Unloading dimension 2
[01:29:13] [Server thread/INFO] [fluxnetworks]: FluxNetworkData has been unloaded
[01:29:13] [Server thread/INFO] [fluxnetworks]: Cleared Network Caches
[01:29:13] [Server thread/INFO] [mcjty.lib.varia.Logging]: Cleaning up all world data: 1 data blobs
[01:29:13] [Server thread/INFO] [nuclearcraft]: Server Closing...
[01:29:13] [Server thread/INFO] [Parabox]: Saving Parabox world data.
[01:29:13] [Server thread/INFO] [practicallogistics2]: Cleared Server Info Handler
[01:29:13] [Server thread/INFO] [practicallogistics2]: Cleared Network Handler
[01:29:13] [Server thread/INFO] [practicallogistics2]: Cleared Data Factory
[01:29:13] [Server thread/INFO] [practicallogistics2]: Cleared Wireless Data Manager
[01:29:13] [Server thread/INFO] [practicallogistics2]: Cleared Wireless Redstone Manager
[01:29:13] [Server thread/INFO] [practicallogistics2]: Cleared Cable Connection Handler
[01:29:13] [Server thread/INFO] [practicallogistics2]: Cleared Redstone Connection Handler
[01:29:13] [Server thread/INFO] [practicallogistics2]: Cleared Server Display Handler
[01:29:13] [Server thread/INFO] [practicallogistics2]: Cleared Chunk Viewer Handler
[01:29:13] [Server thread/INFO] [topography]: Cleaning up
[01:29:13] [Server thread/INFO] [topography]: Unregistering Dimension 0
[01:29:13] [Server thread/INFO] [topography]: Registering Dimension 0
[01:29:13] [Server thread/INFO] [topography]: Unregistering Dimension -1
[01:29:13] [Server thread/INFO] [topography]: Registering Dimension -1
[01:29:13] [Server thread/INFO] [topography]: Done clean-up
[01:29:13] [Server Shutdown Thread/INFO] [net.minecraft.server.MinecraftServer]: Stopping server
[01:29:13] [Server Shutdown Thread/INFO] [net.minecraft.server.MinecraftServer]: Saving players
[01:29:13] [Server Shutdown Thread/INFO] [net.minecraft.server.MinecraftServer]: Saving worlds
