[18:33:42] [Server thread/INFO]: Starting minecraft server version 1.14.1
[18:33:42] [Server thread/INFO]: Loading properties
[18:33:42] [Server thread/INFO]: This server is running CraftBukkit version git-Spigot-4f661b2-d06991d (MC: 1.14.1) (Implementing API version 1.14.1-R0.1-SNAPSHOT)
[18:33:43] [Server thread/INFO]: Debug logging is disabled
[18:33:43] [Server thread/INFO]: Server Ping Player Sample Count: 12
[18:33:43] [Server thread/INFO]: Using 4 threads for Netty based IO
[18:33:43] [Server thread/INFO]: Default game type: SURVIVAL
[18:33:43] [Server thread/INFO]: Generating keypair
[18:33:43] [Server thread/INFO]: Starting Minecraft server on *:25565
[18:33:43] [Server thread/INFO]: Using epoll channel type
[18:33:48] [Server thread/WARN]: Plugin dynmap v3.0-beta-3-160 does not specify an api-version.
[18:33:48] [Server thread/WARN]: Plugin isSlimeChunk v1.0.1 does not specify an api-version.
[18:33:48] [Server thread/WARN]: Plugin MinePacks v1.19.2 does not specify an api-version.
[18:33:48] [Server thread/WARN]: Plugin PermissionsEx v1.23.4 does not specify an api-version.
[18:33:48] [Server thread/ERROR]: Could not load 'plugins/TPPets-2.2.1.jar' in folder 'plugins'
org.bukkit.plugin.UnknownDependencyException: WorldEdit
	at org.bukkit.plugin.SimplePluginManager.loadPlugins(SimplePluginManager.java:220) [spigot.jar:git-Spigot-4f661b2-d06991d]
	at org.bukkit.craftbukkit.v1_14_R1.CraftServer.loadPlugins(CraftServer.java:347) [spigot.jar:git-Spigot-4f661b2-d06991d]
	at net.minecraft.server.v1_14_R1.DedicatedServer.init(DedicatedServer.java:194) [spigot.jar:git-Spigot-4f661b2-d06991d]
	at net.minecraft.server.v1_14_R1.MinecraftServer.run(MinecraftServer.java:761) [spigot.jar:git-Spigot-4f661b2-d06991d]
	at java.lang.Thread.run(Thread.java:748) [?:1.8.0_212]
[18:33:48] [Server thread/WARN]: Plugin wSleep v1.0 does not specify an api-version.
[18:33:48] [Server thread/INFO]: [dynmap] Loading dynmap v3.0-beta-3-160
[18:33:48] [Server thread/INFO]: [dynmap] version=git-Spigot-4f661b2-d06991d (MC: 1.14.1)
[18:33:48] [Server thread/ERROR]: [dynmap] Unable to find method getById for net.minecraft.server.v1_14_R1.Block
[18:33:48] [Server thread/ERROR]: [dynmap] Unable to find method a for net.minecraft.server.v1_14_R1.BiomeBase
[18:33:48] [Server thread/ERROR]: [dynmap] Unable to find field y for net.minecraft.server.v1_14_R1.BiomeBase
[18:33:48] [Server thread/INFO]: [dynmap] Unload queue not found - default to unload all chunks
[18:33:48] [Server thread/INFO]: [dynmap] inhabitedTicks field not found - inhabited shader not functional
[18:33:48] [Server thread/ERROR]: [dynmap] Unable to find method b for net.minecraft.server.v1_14_R1.WorldBorder
[18:33:48] [Server thread/ERROR]: Error initializing dynmap - bukkit version incompatible! initializing dynmap v3.0-beta-3-160 (Is it up to date?)
java.lang.IllegalArgumentException: Error initializing dynmap - bukkit version incompatible!
	at org.dynmap.bukkit.helper.BukkitVersionHelperGeneric.<init>(BukkitVersionHelperGeneric.java:159) ~[?:?]
	at org.dynmap.bukkit.helper.BukkitVersionHelperCB.<init>(BukkitVersionHelperCB.java:45) ~[?:?]
	at org.dynmap.bukkit.Helper.getHelper(Helper.java:46) ~[?:?]
	at org.dynmap.bukkit.DynmapPlugin.onLoad(DynmapPlugin.java:780) ~[?:?]
	at org.bukkit.craftbukkit.v1_14_R1.CraftServer.loadPlugins(CraftServer.java:352) [spigot.jar:git-Spigot-4f661b2-d06991d]
	at net.minecraft.server.v1_14_R1.DedicatedServer.init(DedicatedServer.java:194) [spigot.jar:git-Spigot-4f661b2-d06991d]
	at net.minecraft.server.v1_14_R1.MinecraftServer.run(MinecraftServer.java:761) [spigot.jar:git-Spigot-4f661b2-d06991d]
	at java.lang.Thread.run(Thread.java:748) [?:1.8.0_212]
[18:33:48] [Server thread/INFO]: [PluginConstructorAPI] Loading PluginConstructorAPI v1.0.51
[18:33:48] [Server thread/INFO]: [Horse_Inspector] Loading Horse_Inspector v1.2.0
[18:33:48] [Server thread/INFO]: [isSlimeChunk] Loading isSlimeChunk v1.0.1
[18:33:48] [Server thread/INFO]: [MinePacks] Loading MinePacks v1.19.2
[18:33:48] [Server thread/INFO]: [HiddenLorax] Loading HiddenLorax v1.1.1
[18:33:48] [Server thread/INFO]: [VeinMiner] Loading VeinMiner v1.14.0
[18:33:48] [Server thread/INFO]: [PermissionsEx] Loading PermissionsEx v1.23.4
[18:33:48] [Server thread/INFO]: [PlugMan] Loading PlugMan v2.1.6
[18:33:48] [Server thread/INFO]: [mcMMOHorse] Loading mcMMOHorse v4.3.53
[18:33:48] [Server thread/INFO]: [wSleep] Loading wSleep v1.0
[18:33:48] [Server thread/INFO]: [ServerMinimap] Loading ServerMinimap v0.7.19
[18:33:48] [Server thread/INFO]: Preparing level "world"
[18:33:48] [Server thread/INFO]: Reloading ResourceManager: Default, bukkit, treecapitator-v2-5-1-1551454023.zip
[18:33:49] [Server thread/INFO]: Loaded 6 recipes
[18:33:50] [Server thread/INFO]: Loaded 90 custom command functions
[18:33:50] [Server thread/INFO]: -------- World Settings For [world] --------
[18:33:50] [Server thread/INFO]: Cactus Growth Modifier: 100%
[18:33:50] [Server thread/INFO]: Cane Growth Modifier: 100%
[18:33:50] [Server thread/INFO]: Melon Growth Modifier: 100%
[18:33:50] [Server thread/INFO]: Mushroom Growth Modifier: 100%
[18:33:50] [Server thread/INFO]: Pumpkin Growth Modifier: 100%
[18:33:50] [Server thread/INFO]: Sapling Growth Modifier: 100%
[18:33:50] [Server thread/INFO]: Beetroot Growth Modifier: 100%
[18:33:50] [Server thread/INFO]: Carrot Growth Modifier: 100%
[18:33:50] [Server thread/INFO]: Potato Growth Modifier: 100%
[18:33:50] [Server thread/INFO]: Wheat Growth Modifier: 100%
[18:33:50] [Server thread/INFO]: NetherWart Growth Modifier: 100%
[18:33:50] [Server thread/INFO]: Vine Growth Modifier: 100%
[18:33:50] [Server thread/INFO]: Cocoa Growth Modifier: 100%
[18:33:50] [Server thread/INFO]: Entity Activation Range: An 6 / Mo 16 / Mi 2 / Tiv true
[18:33:50] [Server thread/INFO]: Entity Tracking Range: Pl 48 / An 48 / Mo 48 / Mi 32 / Other 64
[18:33:50] [Server thread/INFO]: Hopper Transfer: 8 Hopper Check: 1 Hopper Amount: 1
[18:33:50] [Server thread/INFO]: Custom Map Seeds:  Village: 10387312 Desert: 14357617 Igloo: 14357618 Jungle: 14357619 Swamp: 14357620 Monument: 10387313Ocean: 14357621 Shipwreck: 165745295 Slime: 987234911
[18:33:50] [Server thread/INFO]: Max TNT Explosions: 100
[18:33:50] [Server thread/INFO]: Tile Max Tick Time: 50ms Entity max Tick Time: 50ms
[18:33:50] [Server thread/INFO]: Experience Merge Radius: 3.5
[18:33:50] [Server thread/INFO]: Mob Spawn Range: 4
[18:33:50] [Server thread/INFO]: View Distance: 10
[18:33:50] [Server thread/INFO]: Allow Zombie Pigmen to spawn from portal blocks: true
[18:33:50] [Server thread/INFO]: Item Merge Radius: 6.5
[18:33:50] [Server thread/INFO]: Item Despawn Rate: 6000
[18:33:50] [Server thread/INFO]: Arrow Despawn Rate: 1200
[18:33:50] [Server thread/INFO]: Zombie Aggressive Towards Villager: true
[18:33:50] [Server thread/INFO]: Nerfing mobs spawned from spawners: false
[18:33:51] [Server thread/INFO]: -------- World Settings For [world_nether] --------
[18:33:51] [Server thread/INFO]: Cactus Growth Modifier: 100%
[18:33:51] [Server thread/INFO]: Cane Growth Modifier: 100%
[18:33:51] [Server thread/INFO]: Melon Growth Modifier: 100%
[18:33:51] [Server thread/INFO]: Mushroom Growth Modifier: 100%
[18:33:51] [Server thread/INFO]: Pumpkin Growth Modifier: 100%
[18:33:51] [Server thread/INFO]: Sapling Growth Modifier: 100%
[18:33:51] [Server thread/INFO]: Beetroot Growth Modifier: 100%
[18:33:51] [Server thread/INFO]: Carrot Growth Modifier: 100%
[18:33:51] [Server thread/INFO]: Potato Growth Modifier: 100%
[18:33:51] [Server thread/INFO]: Wheat Growth Modifier: 100%
[18:33:51] [Server thread/INFO]: NetherWart Growth Modifier: 100%
[18:33:51] [Server thread/INFO]: Vine Growth Modifier: 100%
[18:33:51] [Server thread/INFO]: Cocoa Growth Modifier: 100%
[18:33:51] [Server thread/INFO]: Entity Activation Range: An 6 / Mo 16 / Mi 2 / Tiv true
[18:33:51] [Server thread/INFO]: Entity Tracking Range: Pl 48 / An 48 / Mo 48 / Mi 32 / Other 64
[18:33:51] [Server thread/INFO]: Hopper Transfer: 8 Hopper Check: 1 Hopper Amount: 1
[18:33:51] [Server thread/INFO]: Custom Map Seeds:  Village: 10387312 Desert: 14357617 Igloo: 14357618 Jungle: 14357619 Swamp: 14357620 Monument: 10387313Ocean: 14357621 Shipwreck: 165745295 Slime: 987234911
[18:33:51] [Server thread/INFO]: Max TNT Explosions: 100
[18:33:51] [Server thread/INFO]: Tile Max Tick Time: 50ms Entity max Tick Time: 50ms
[18:33:51] [Server thread/INFO]: Experience Merge Radius: 3.5
[18:33:51] [Server thread/INFO]: Mob Spawn Range: 4
[18:33:51] [Server thread/INFO]: View Distance: 10
[18:33:51] [Server thread/INFO]: Allow Zombie Pigmen to spawn from portal blocks: true
[18:33:51] [Server thread/INFO]: Item Merge Radius: 6.5
[18:33:51] [Server thread/INFO]: Item Despawn Rate: 6000
[18:33:51] [Server thread/INFO]: Arrow Despawn Rate: 1200
[18:33:51] [Server thread/INFO]: Zombie Aggressive Towards Villager: true
[18:33:51] [Server thread/INFO]: Nerfing mobs spawned from spawners: false
[18:33:51] [Server thread/INFO]: -------- World Settings For [world_the_end] --------
[18:33:51] [Server thread/INFO]: Cactus Growth Modifier: 100%
[18:33:51] [Server thread/INFO]: Cane Growth Modifier: 100%
[18:33:51] [Server thread/INFO]: Melon Growth Modifier: 100%
[18:33:51] [Server thread/INFO]: Mushroom Growth Modifier: 100%
[18:33:51] [Server thread/INFO]: Pumpkin Growth Modifier: 100%
[18:33:51] [Server thread/INFO]: Sapling Growth Modifier: 100%
[18:33:51] [Server thread/INFO]: Beetroot Growth Modifier: 100%
[18:33:51] [Server thread/INFO]: Carrot Growth Modifier: 100%
[18:33:51] [Server thread/INFO]: Potato Growth Modifier: 100%
[18:33:51] [Server thread/INFO]: Wheat Growth Modifier: 100%
[18:33:51] [Server thread/INFO]: NetherWart Growth Modifier: 100%
[18:33:51] [Server thread/INFO]: Vine Growth Modifier: 100%
[18:33:51] [Server thread/INFO]: Cocoa Growth Modifier: 100%
[18:33:51] [Server thread/INFO]: Entity Activation Range: An 6 / Mo 16 / Mi 2 / Tiv true
[18:33:51] [Server thread/INFO]: Entity Tracking Range: Pl 48 / An 48 / Mo 48 / Mi 32 / Other 64
[18:33:51] [Server thread/INFO]: Hopper Transfer: 8 Hopper Check: 1 Hopper Amount: 1
[18:33:51] [Server thread/INFO]: Custom Map Seeds:  Village: 10387312 Desert: 14357617 Igloo: 14357618 Jungle: 14357619 Swamp: 14357620 Monument: 10387313Ocean: 14357621 Shipwreck: 165745295 Slime: 987234911
[18:33:51] [Server thread/INFO]: Max TNT Explosions: 100
[18:33:51] [Server thread/INFO]: Tile Max Tick Time: 50ms Entity max Tick Time: 50ms
[18:33:51] [Server thread/INFO]: Experience Merge Radius: 3.5
[18:33:51] [Server thread/INFO]: Mob Spawn Range: 4
[18:33:51] [Server thread/INFO]: View Distance: 10
[18:33:51] [Server thread/INFO]: Allow Zombie Pigmen to spawn from portal blocks: true
[18:33:51] [Server thread/INFO]: Item Merge Radius: 6.5
[18:33:51] [Server thread/INFO]: Item Despawn Rate: 6000
[18:33:51] [Server thread/INFO]: Arrow Despawn Rate: 1200
[18:33:51] [Server thread/INFO]: Zombie Aggressive Towards Villager: true
[18:33:51] [Server thread/INFO]: Nerfing mobs spawned from spawners: false
[18:33:51] [Server thread/INFO]: Preparing start region for dimension 'world'/minecraft:overworld
[18:33:58] [Server-Worker-3/INFO]: Preparing spawn area: 0%
[18:33:58] [Server-Worker-2/INFO]: Preparing spawn area: 0%
[18:33:58] [Server-Worker-2/INFO]: Preparing spawn area: 0%
[18:33:58] [Server-Worker-3/INFO]: Preparing spawn area: 0%
[18:33:58] [Server-Worker-3/INFO]: Preparing spawn area: 0%
[18:33:58] [Server-Worker-3/INFO]: Preparing spawn area: 0%
[18:33:58] [Server-Worker-3/INFO]: Preparing spawn area: 0%
[18:33:58] [Server-Worker-3/INFO]: Preparing spawn area: 0%
[18:33:58] [Server-Worker-2/INFO]: Preparing spawn area: 0%
[18:33:58] [Server-Worker-3/INFO]: Preparing spawn area: 0%
[18:33:58] [Server-Worker-2/INFO]: Preparing spawn area: 0%
[18:33:58] [Server-Worker-2/INFO]: Preparing spawn area: 0%
[18:33:58] [Server-Worker-2/INFO]: Preparing spawn area: 0%
[18:33:58] [Server-Worker-1/INFO]: Preparing spawn area: 0%
[18:33:58] [Server-Worker-3/INFO]: Preparing spawn area: 0%
[18:33:58] [Server-Worker-3/INFO]: Preparing spawn area: 0%
[18:33:59] [Server-Worker-3/INFO]: Preparing spawn area: 0%
[18:33:59] [Server-Worker-2/INFO]: Preparing spawn area: 10%
[18:34:00] [Server-Worker-2/INFO]: Preparing spawn area: 87%
[18:34:00] [Server thread/INFO]: Time elapsed: 9059 ms
[18:34:00] [Server thread/INFO]: Preparing start region for dimension 'world_nether'/minecraft:the_nether
[18:34:00] [Server-Worker-1/INFO]: Preparing spawn area: 0%
[18:34:00] [Server-Worker-1/INFO]: Preparing spawn area: 0%
[18:34:01] [Server-Worker-1/INFO]: Preparing spawn area: 0%
[18:34:02] [Server-Worker-3/INFO]: Preparing spawn area: 0%
[18:34:02] [Server-Worker-1/INFO]: Preparing spawn area: 0%
[18:34:02] [Server-Worker-3/INFO]: Preparing spawn area: 0%
[18:34:03] [Server-Worker-3/INFO]: Preparing spawn area: 0%
[18:34:03] [Server-Worker-2/INFO]: Preparing spawn area: 0%
[18:34:04] [Server-Worker-1/INFO]: Preparing spawn area: 0%
[18:34:04] [Server-Worker-3/INFO]: Preparing spawn area: 34%
[18:34:05] [Server-Worker-3/INFO]: Preparing spawn area: 87%
[18:34:05] [Server-Worker-1/INFO]: Preparing spawn area: 95%
[18:34:06] [Server thread/INFO]: Time elapsed: 5758 ms
[18:34:06] [Server thread/INFO]: Preparing start region for dimension 'world_the_end'/minecraft:the_end
[18:34:06] [Server-Worker-2/INFO]: Preparing spawn area: 0%
[18:34:06] [Server-Worker-3/INFO]: Preparing spawn area: 0%
[18:34:07] [Server-Worker-1/INFO]: Preparing spawn area: 0%
[18:34:07] [Server-Worker-2/INFO]: Preparing spawn area: 0%
[18:34:08] [Server-Worker-1/INFO]: Preparing spawn area: 0%
[18:34:08] [Server-Worker-3/INFO]: Preparing spawn area: 3%
[18:34:09] [Server-Worker-3/INFO]: Preparing spawn area: 59%
[18:34:09] [Server-Worker-2/INFO]: Preparing spawn area: 95%
[18:34:09] [Server thread/INFO]: Time elapsed: 3570 ms
[18:34:09] [Server thread/INFO]: [dynmap] Enabling dynmap v3.0-beta-3-160
[18:34:09] [Server thread/INFO]: [dynmap] Dynmap is disabled (unsupported platform)
[18:34:09] [Server thread/INFO]: [PluginConstructorAPI] Enabling PluginConstructorAPI v1.0.51
[18:34:09] [Server thread/INFO]: [Horse_Inspector] Enabling Horse_Inspector v1.2.0
[18:34:09] [Server thread/INFO]: [Horse_Inspector] Config file loaded.
[18:34:10] [Server thread/INFO]: [Horse_Inspector] Updated version available: 1.2.1
[18:34:10] [Server thread/INFO]: [isSlimeChunk] Enabling isSlimeChunk v1.0.1
[18:34:10] [Server thread/INFO]: [MinePacks] Enabling MinePacks v1.19.2
[18:34:10] [Server thread/INFO]: [MinePacks] [32mConfig file successfully loaded.[0m
[18:34:10] [Server thread/INFO]: [MinePacks] [32mLanguage file successfully loaded.[0m
[18:34:10] [Server thread/INFO]: Minepacks-Connection-Pool - is starting.
[18:34:10] [Server thread/INFO]: [MinePacks] Checking backpack storage format ...
[18:34:10] [Server thread/INFO]: [MinePacks] Checking for updates ...
[18:34:10] [Server thread/INFO]: [MinePacks] MinePacks has been enabled!
[18:34:10] [Server thread/INFO]: [HiddenLorax] Enabling HiddenLorax v1.1.1
[18:34:10] [Server thread/INFO]: [VeinMiner] Enabling VeinMiner v1.14.0
[18:34:10] [Server thread/INFO]: [VeinMiner] Registering events
[18:34:10] [Server thread/INFO]: [VeinMiner] Registering commands
[18:34:10] [Server thread/INFO]: [VeinMiner] Enabling Plugin Metrics
[18:34:10] [Server thread/INFO]: [VeinMiner] Thank you for enabling Metrics! I greatly appreciate the use of plugin statistics
[18:34:10] [Server thread/INFO]: [VeinMiner] Loading configuration options to local memory
[18:34:11] [Server thread/INFO]: [VeinMiner] Unknown world found... "WorldName". Ignoring...
[18:34:11] [Server thread/INFO]: [VeinMiner] Performing an update check!
[18:34:11] [Server thread/INFO]: [PermissionsEx] Enabling PermissionsEx v1.23.4
[18:34:11] [Server thread/INFO]: [PermissionsEx] Initializing file backend
[18:34:11] [Server thread/INFO]: [PermissionsEx] Permissions file successfully reloaded
[18:34:11] [Server thread/INFO]: [PlugMan] Enabling PlugMan v2.1.6
[18:34:11] [Server thread/INFO]: [mcMMOHorse] Enabling mcMMOHorse v4.3.53
[18:34:11] [Server thread/INFO]: [mcMMOHorse] Finished loading 3 horses.
[18:34:11] [ForkJoinPool.commonPool-worker-1/INFO]: [VeinMiner] Your version of VeinMiner (1.14.0) is up to date!
[18:34:16] [Server thread/INFO]: [wSleep] Enabling wSleep v1.0
[18:34:16] [Server thread/INFO]: [wSleep] Enabled
[18:34:16] [Server thread/INFO]: [wSleep] Add me on discord at: Dayton#6136
[18:34:16] [Server thread/INFO]: [ServerMinimap] Enabling ServerMinimap v0.7.19
[18:34:16] [Server thread/INFO]: [ServerMinimap] Created Minimap with ID 0. Use /give <name> MAP 1 0 to get the map as item. (Vanilla command)
[18:34:16] [Server thread/INFO]: [ServerMinimap] Alternative command: /minimap (Plugin command)
[18:34:16] [Server thread/INFO]: Server permissions file permissions.yml is empty, ignoring it
[18:34:16] [Server thread/INFO]: Done (27.979s)! For help, type "help"
[18:35:00] [User Authenticator #1/INFO]: UUID of player Kyuukiya is 8742f0f1-ead2-4b69-9575-3bc02449604e
[18:35:03] [Server thread/INFO]: Kyuukiya[/192.168.8.106:62990] logged in with entity id 101 at ([world]7936.363524248515, 6.0, -4203.4513935411105)
[18:35:06] [Server thread/WARN]: Can't keep up! Is the server overloaded? Running 5015ms or 100 ticks behind
[18:35:39] [User Authenticator #2/INFO]: UUID of player svartephilip is 0d4305fd-4218-4222-a587-97177a14fc24
[18:35:39] [Server thread/INFO]: svartephilip[/127.0.0.1:55480] logged in with entity id 818 at ([world]7989.300000011921, 5.0, -4266.271982053251)
[18:36:49] [Server thread/INFO]: Kyuukiya issued server command: /backpack
[18:39:41] [Server thread/INFO]: svartephilip issued server command: /backpack
[18:39:59] [Server thread/INFO]: Kyuukiya issued server command: /backpack
[18:44:38] [Server thread/INFO]: svartephilip issued server command: /h summon
[18:44:38] [Server thread/INFO]: Kyuukiya issued server command: /h summon Daisy_Girl
[18:45:15] [Server thread/WARN]: Chicken Boy moved wrongly!
[18:45:47] [Server thread/INFO]: svartephilip issued server command: /waypoint list
[18:45:52] [Server thread/INFO]: Kyuukiya issued server command: /tp svartephilip
[18:45:52] [Server thread/INFO]: [Kyuukiya: Teleported Kyuukiya to svartephilip]
[18:45:52] [Server thread/WARN]: Kyuukiya moved too quickly! -9.937698630870727,-19.078400001525885,-1.6030590057589507
[18:45:58] [Server thread/INFO]: Kyuukiya issued server command: /h summon Daisy_Girl
[18:46:03] [Server thread/INFO]: svartephilip issued server command: /waypoint hide mushroom
[18:46:10] [Server thread/INFO]: Kyuukiya issued server command: /h tp
[18:46:11] [Server thread/INFO]: svartephilip issued server command: /waypoint hide mushroom-field
[18:46:21] [Server thread/INFO]: Kyuukiya issued server command: /h banish Daisy_Girl
[18:46:26] [Server thread/INFO]: Kyuukiya issued server command: /h summon Rainbow_Johnson
[18:47:40] [Server thread/WARN]: Rainbow Johnson moved wrongly!
[18:47:43] [Server thread/WARN]: Rainbow Johnson moved wrongly!
[18:48:26] [Server thread/WARN]: Chicken Boy moved wrongly!
[18:48:34] [Server thread/WARN]: Rainbow Johnson moved wrongly!
[18:49:23] [Server thread/WARN]: Kyuukiya moved too quickly! -11.879290955668694,-2.2712241076924897,-1.073708937964966
[18:49:50] [Server thread/INFO]: svartephilip issued server command: /h banish
[18:50:01] [Server thread/INFO]: Kyuukiya issued server command: /h banish
[18:50:01] [Server thread/INFO]: svartephilip issued server command: /backpack
[18:51:03] [Server thread/INFO]: svartephilip issued server command: /backpack
[18:52:39] [Server thread/INFO]: Kyuukiya issued server command: /backpack
[18:53:50] [Server thread/INFO]: Kyuukiya issued server command: /backpack
[18:54:04] [Server thread/INFO]: svartephilip issued server command: /backpack
[18:54:21] [Server thread/INFO]: [0;32;1mAll horses saved to database.[m
[18:54:37] [Server thread/INFO]: Kyuukiya issued server command: /backpack
[19:02:54] [Server thread/INFO]: Kyuukiya issued server command: /backpack
[19:06:09] [Server thread/INFO]: svartephilip lost connection: Disconnected
[19:06:09] [Server thread/INFO]: svartephilip left the game
[19:06:55] [User Authenticator #3/INFO]: UUID of player svartephilip is 0d4305fd-4218-4222-a587-97177a14fc24
[19:06:55] [Server thread/INFO]: svartephilip[/127.0.0.1:56104] logged in with entity id 22094 at ([world]9124.402898957553, 63.0, -3683.2634467746393)
[19:11:12] [Server thread/INFO]: svartephilip issued server command: /backpack
[19:13:43] [Server thread/INFO]: svartephilip issued server command: /backpack
[19:13:53] [Server thread/INFO]: [0;30;1m[[0;36;1mwSleep[0;30;1m][0;37;22m svartephilip is sleeping, time will be set to day in 5 seconds![m
[19:14:21] [Server thread/INFO]: [0;32;1mAll horses saved to database.[m
[19:24:39] [Server thread/INFO]: [0;30;1m[[0;36;1mwSleep[0;30;1m][0;37;22m svartephilip is sleeping, time will be set to day in 5 seconds![m
[19:27:20] [Server thread/INFO]: svartephilip issued server command: /backpack
[19:34:21] [Server thread/INFO]: [0;32;1mAll horses saved to database.[m
[19:35:25] [Server thread/INFO]: [0;30;1m[[0;36;1mwSleep[0;30;1m][0;37;22m svartephilip is sleeping, time will be set to day in 5 seconds![m
[19:47:23] [Server thread/INFO]: [0;30;1m[[0;36;1mwSleep[0;30;1m][0;37;22m svartephilip is sleeping, time will be set to day in 5 seconds![m
[19:54:21] [Server thread/INFO]: [0;32;1mAll horses saved to database.[m
[19:54:40] [Server thread/INFO]: svartephilip issued server command: /backpack
[19:55:06] [Server thread/INFO]: svartephilip issued server command: /backpack
[19:58:16] [Server thread/INFO]: [0;30;1m[[0;36;1mwSleep[0;30;1m][0;37;22m svartephilip is sleeping, time will be set to day in 5 seconds![m
[20:08:15] [Server thread/INFO]: [0;30;1m[[0;36;1mwSleep[0;30;1m][0;37;22m svartephilip is sleeping, time will be set to day in 5 seconds![m
[20:08:37] [Server thread/INFO]: [0;30;1m[[0;36;1mwSleep[0;30;1m][0;37;22m svartephilip is sleeping, time will be set to day in 5 seconds![m
[20:08:51] [Server thread/INFO]: [0;30;1m[[0;36;1mwSleep[0;30;1m][0;37;22m Kyuukiya is sleeping, time will be set to day in 5 seconds![m
[20:12:03] [Server thread/INFO]: svartephilip issued server command: /backpack
[20:14:21] [Server thread/INFO]: [0;32;1mAll horses saved to database.[m
[20:15:29] [Server thread/INFO]: svartephilip issued server command: /plugman reload VeinMiner
[20:15:29] [Server thread/INFO]: [VeinMiner] Disabling VeinMiner v1.14.0
[20:15:29] [Server thread/INFO]: [VeinMiner] Clearing localized data
[20:15:30] [Server thread/INFO]: [VeinMiner] Enabling VeinMiner v1.14.0
[20:15:30] [Server thread/INFO]: [VeinMiner] Registering events
[20:15:30] [Server thread/INFO]: [VeinMiner] Registering commands
[20:15:30] [Server thread/INFO]: [VeinMiner] Enabling Plugin Metrics
[20:15:30] [Server thread/INFO]: [VeinMiner] Thank you for enabling Metrics! I greatly appreciate the use of plugin statistics
[20:15:30] [Server thread/INFO]: [VeinMiner] Loading configuration options to local memory
[20:15:30] [Server thread/INFO]: [VeinMiner] Unknown world found... "WorldName". Ignoring...
[20:15:30] [Server thread/INFO]: [VeinMiner] Performing an update check!
[20:15:30] [ForkJoinPool.commonPool-worker-2/INFO]: [VeinMiner] Your version of VeinMiner (1.14.0) is up to date!
[20:20:05] [Server thread/INFO]: svartephilip issued server command: /backpack
[20:22:47] [Server thread/INFO]: Kyuukiya issued server command: /backpack
[20:26:13] [Server thread/INFO]: Kyuukiya lost connection: Disconnected
[20:26:13] [Server thread/INFO]: Kyuukiya left the game
[20:28:15] [Server thread/INFO]: svartephilip issued server command: /backpack
[20:34:21] [Server thread/INFO]: [0;32;1mAll horses saved to database.[m
[20:37:15] [Server thread/INFO]: svartephilip lost connection: Disconnected
[20:37:15] [Server thread/INFO]: svartephilip left the game
[20:37:39] [User Authenticator #4/INFO]: UUID of player Kyuukiya is 8742f0f1-ead2-4b69-9575-3bc02449604e
[20:37:39] [Server thread/INFO]: Kyuukiya[/192.168.8.106:63407] logged in with entity id 65447 at ([world]9132.688128517948, 63.0, -3708.3679238211594)
[20:44:00] [Server thread/INFO]: Kyuukiya lost connection: Disconnected
[20:44:00] [Server thread/INFO]: Kyuukiya left the game
[20:54:21] [Server thread/INFO]: [0;32;1mAll horses saved to database.[m
[20:54:35] [User Authenticator #5/INFO]: UUID of player Kyuukiya is 8742f0f1-ead2-4b69-9575-3bc02449604e
[20:54:35] [Server thread/INFO]: Kyuukiya[/192.168.8.106:52710] logged in with entity id 68141 at ([world]9150.699999988079, 63.0, -3742.699999988079)
[21:00:35] [User Authenticator #6/INFO]: UUID of player svartephilip is 0d4305fd-4218-4222-a587-97177a14fc24
[21:00:35] [Server thread/INFO]: svartephilip[/127.0.0.1:58418] logged in with entity id 71788 at ([world]9131.542206729298, 63.0, -3709.266227892464)
[21:00:49] [Server thread/INFO]: svartephilip issued server command: /backpack
[21:01:17] [Server thread/INFO]: [0;30;1m[[0;36;1mwSleep[0;30;1m][0;37;22m svartephilip is sleeping, time will be set to day in 5 seconds![m
[21:02:23] [Server thread/INFO]: svartephilip issued server command: /backpack
[21:02:44] [Server thread/INFO]: svartephilip issued server command: /backpack
[21:04:54] [Server thread/INFO]: svartephilip issued server command: /backpack
[21:06:07] [Server thread/INFO]: Kyuukiya issued server command: /backpack svartephilip
[21:06:15] [Server thread/INFO]: svartephilip issued server command: /backpack
[21:08:36] [Server thread/INFO]: svartephilip issued server command: /backpack
[21:09:18] [Server thread/INFO]: svartephilip issued server command: /backpack
[21:09:39] [Server thread/INFO]: svartephilip issued server command: /backpack
[21:11:28] [Server thread/INFO]: svartephilip issued server command: /backpack
[21:14:21] [Server thread/INFO]: [0;32;1mAll horses saved to database.[m
[21:14:39] [Server thread/INFO]: svartephilip issued server command: /backpack
[21:16:09] [Server thread/INFO]: svartephilip lost connection: Disconnected
[21:16:09] [Server thread/INFO]: svartephilip left the game
[21:16:36] [Server thread/INFO]: Kyuukiya issued server command: /time set day
[21:16:36] [Server thread/INFO]: [Kyuukiya: Set the time to 1000]
[21:16:55] [User Authenticator #7/INFO]: UUID of player svartephilip is 0d4305fd-4218-4222-a587-97177a14fc24
[21:16:55] [Server thread/INFO]: svartephilip[/127.0.0.1:58748] logged in with entity id 83357 at ([world]9129.39171995125, 63.0, -3718.936904888452)
[21:18:57] [Server thread/INFO]: svartephilip issued server command: /backpack
[21:20:16] [Server thread/INFO]: svartephilip issued server command: /backpack
[21:21:40] [Server thread/INFO]: svartephilip issued server command: /backpack
[21:22:33] [Server thread/INFO]: svartephilip issued server command: /backpack
[21:24:04] [Server thread/INFO]: svartephilip issued server command: /backpack
[21:24:08] [Server thread/INFO]: svartephilip issued server command: /backpack Kyuukiya
[21:24:13] [Server thread/INFO]: Kyuukiya issued server command: /backpack svartephilip
[21:24:21] [Server thread/INFO]: Kyuukiya issued server command: /backpack
[21:26:04] [Server thread/INFO]: [0;30;1m[[0;36;1mwSleep[0;30;1m][0;37;22m Kyuukiya is sleeping, time will be set to day in 5 seconds![m
[21:26:49] [Server thread/INFO]: Kyuukiya issued server command: /backpack
[21:26:56] [Server thread/INFO]: Kyuukiya issued server command: /minimap
[21:28:06] [Server thread/INFO]: Kyuukiya issued server command: /h summon Daisy_Girl
[21:29:24] [Server thread/WARN]: Daisy Girl (vehicle of Kyuukiya) moved too quickly! 2.4757355489145993,-2.0,-20.200725298444013
[21:29:24] [Server thread/WARN]: Daisy Girl (vehicle of Kyuukiya) moved too quickly! 2.620517366583954,-2.0,-20.65677186319408
[21:29:24] [Server thread/WARN]: Daisy Girl (vehicle of Kyuukiya) moved too quickly! 2.7550156343622803,-2.0,-21.115823717113017
[21:29:24] [Server thread/WARN]: Daisy Girl (vehicle of Kyuukiya) moved too quickly! 2.8751839425731305,-2.0,-21.57863284573523
[21:29:24] [Server thread/WARN]: Daisy Girl (vehicle of Kyuukiya) moved too quickly! 2.987684575129606,-2.0768320014953616,-22.043452417139633
[21:34:21] [Server thread/INFO]: [0;32;1mAll horses saved to database.[m
[21:38:02] [Server thread/INFO]: [0;30;1m[[0;36;1mwSleep[0;30;1m][0;37;22m Kyuukiya is sleeping, time will be set to day in 5 seconds![m
[21:39:26] [Server thread/WARN]: Daisy Girl (vehicle of Kyuukiya) moved too quickly! -5.817740954485998,-1.0,-19.29243074320766
[21:39:26] [Server thread/WARN]: Daisy Girl (vehicle of Kyuukiya) moved too quickly! -5.973011008753019,-1.0,-19.74495213415321
[21:39:26] [Server thread/WARN]: Daisy Girl (vehicle of Kyuukiya) moved too quickly! -6.133063562840107,-1.0,-20.195811634343045
[21:39:26] [Server thread/WARN]: Daisy Girl (vehicle of Kyuukiya) moved too quickly! -6.296734729216041,-1.0,-20.64538808415
[21:39:26] [Server thread/WARN]: Daisy Girl (vehicle of Kyuukiya) moved too quickly! -6.462342142880516,-1.0,-21.094277999278347
[21:39:26] [Server thread/WARN]: Daisy Girl (vehicle of Kyuukiya) moved too quickly! -6.629524625433987,-1.0,-21.542597872556144
[21:39:26] [Server thread/WARN]: Daisy Girl (vehicle of Kyuukiya) moved too quickly! -6.7980883937489125,-1.0,-21.99040865794177
[21:39:26] [Server thread/WARN]: Daisy Girl (vehicle of Kyuukiya) moved too quickly! -6.9673912605358055,-1.0,-22.437947040546533
[21:39:26] [Server thread/WARN]: Daisy Girl (vehicle of Kyuukiya) moved too quickly! -7.13760764858489,-1.0,-22.885141814885174
[21:39:26] [Server thread/WARN]: Daisy Girl (vehicle of Kyuukiya) moved too quickly! -7.308312843648309,-1.0,-23.33215273129099
[21:39:26] [Server thread/WARN]: Daisy Girl (vehicle of Kyuukiya) moved too quickly! -7.479279589599173,-1.0,-23.779065268982777
[21:39:26] [Server thread/WARN]: Daisy Girl (vehicle of Kyuukiya) moved too quickly! -7.650386286215507,-1.0,-24.225925166186244
[21:39:26] [Server thread/WARN]: Daisy Girl (vehicle of Kyuukiya) moved too quickly! -7.821567867642443,-1.0,-24.67275689651433
[21:39:26] [Server thread/WARN]: Daisy Girl (vehicle of Kyuukiya) moved too quickly! -7.913163718871147,-1.0,-24.911847646549177
[21:39:26] [Server thread/WARN]: Daisy Girl (vehicle of Kyuukiya) moved too quickly! -7.962174832638993,-1.0,-25.03978033993735
[21:39:26] [Server thread/WARN]: Daisy Girl (vehicle of Kyuukiya) moved too quickly! -7.988399702440802,-1.0,-25.10823457346669
[21:39:26] [Server thread/WARN]: Daisy Girl (vehicle of Kyuukiya) moved too quickly! -8.002432107403365,-1.0,-25.144863068998347
[21:39:26] [Server thread/WARN]: Daisy Girl (vehicle of Kyuukiya) moved too quickly! -8.00994056752279,-1.0,-25.16446224666379
[21:39:26] [Server thread/WARN]: Daisy Girl (vehicle of Kyuukiya) moved too quickly! -8.013958194829684,-1.0,-25.174949375867072
[21:39:26] [Server thread/WARN]: Daisy Girl (vehicle of Kyuukiya) moved too quickly! -8.013958194829684,-1.0,-25.18056082961266
[21:39:26] [Server thread/WARN]: Daisy Girl (vehicle of Kyuukiya) moved too quickly! -8.013958194829684,-1.0,-25.183563406631947
[21:39:26] [Server thread/WARN]: Daisy Girl (vehicle of Kyuukiya) moved too quickly! -8.013958194829684,-1.0,-25.183563406631947
[21:39:26] [Server thread/WARN]: Daisy Girl (vehicle of Kyuukiya) moved too quickly! -8.013958194829684,-1.0,-25.183563406631947
[21:39:26] [Server thread/WARN]: Daisy Girl (vehicle of Kyuukiya) moved too quickly! -8.013958194829684,-1.0,-25.183563406631947
[21:39:26] [Server thread/WARN]: Daisy Girl (vehicle of Kyuukiya) moved too quickly! -8.013958194829684,-1.0,-25.183563406631947
[21:39:26] [Server thread/WARN]: Daisy Girl (vehicle of Kyuukiya) moved too quickly! -8.013958194829684,-1.0,-25.183563406631947
[21:39:26] [Server thread/WARN]: Daisy Girl (vehicle of Kyuukiya) moved too quickly! -8.013958194829684,-1.0,-25.183563406631947
[21:39:26] [Server thread/WARN]: Daisy Girl (vehicle of Kyuukiya) moved too quickly! -8.013958194829684,-1.0,-25.183563406631947
[21:39:26] [Server thread/WARN]: Daisy Girl (vehicle of Kyuukiya) moved too quickly! -8.013958194829684,-1.0,-25.183563406631947
[21:39:26] [Server thread/WARN]: Daisy Girl (vehicle of Kyuukiya) moved too quickly! -8.013958194829684,-1.0,-25.183563406631947
[21:39:26] [Server thread/WARN]: Daisy Girl (vehicle of Kyuukiya) moved too quickly! -8.013958194829684,-1.0,-25.183563406631947
[21:39:26] [Server thread/WARN]: Daisy Girl (vehicle of Kyuukiya) moved too quickly! -8.013958194829684,-1.0,-25.183563406631947
[21:39:26] [Server thread/WARN]: Daisy Girl (vehicle of Kyuukiya) moved too quickly! -8.013958194829684,-1.0,-25.183563406631947
[21:39:26] [Server thread/WARN]: Daisy Girl (vehicle of Kyuukiya) moved too quickly! -8.013958194829684,-1.0,-25.183563406631947
[21:39:26] [Server thread/WARN]: Daisy Girl (vehicle of Kyuukiya) moved too quickly! -8.013958194829684,-1.0,-25.183563406631947
[21:39:26] [Server thread/WARN]: Daisy Girl (vehicle of Kyuukiya) moved too quickly! -8.013958194829684,-1.0,-25.183563406631947
[21:39:26] [Server thread/WARN]: Daisy Girl (vehicle of Kyuukiya) moved too quickly! -8.013958194829684,-1.0,-25.183563406631947
[21:39:26] [Server thread/WARN]: Daisy Girl (vehicle of Kyuukiya) moved too quickly! -8.013958194829684,-1.0,-25.183563406631947
[21:39:26] [Server thread/WARN]: Daisy Girl (vehicle of Kyuukiya) moved too quickly! -8.013958194829684,-1.0,-25.183563406631947
[21:39:26] [Server thread/WARN]: Daisy Girl (vehicle of Kyuukiya) moved too quickly! -8.013958194829684,-1.0,-25.183563406631947
[21:39:26] [Server thread/WARN]: Daisy Girl (vehicle of Kyuukiya) moved too quickly! -8.013958194829684,-1.0,-25.183563406631947
[21:39:26] [Server thread/WARN]: Daisy Girl (vehicle of Kyuukiya) moved too quickly! -8.013958194829684,-1.0,-25.183563406631947
[21:39:26] [Server thread/WARN]: Daisy Girl (vehicle of Kyuukiya) moved too quickly! -8.013958194829684,-1.0,-25.183563406631947
[21:39:26] [Server thread/WARN]: Daisy Girl (vehicle of Kyuukiya) moved too quickly! -8.013958194829684,-1.0,-25.183563406631947
[21:39:26] [Server thread/WARN]: Can't keep up! Is the server overloaded? Running 5053ms or 101 ticks behind
[21:40:05] [Server thread/INFO]: svartephilip issued server command: /backpack
[21:40:25] [Server thread/INFO]: svartephilip issued server command: /backpack Kyuukiya
[21:41:44] [Server thread/INFO]: Kyuukiya issued server command: /backpack
[21:41:50] [Server thread/INFO]: Kyuukiya issued server command: /backpack
[21:41:59] [Server thread/INFO]: svartephilip issued server command: /backpack
[21:42:07] [Server thread/INFO]: svartephilip issued server command: /backpack Kyuukiya
[21:44:20] [Server thread/INFO]: Kyuukiya issued server command: /h banish
[21:44:24] [Server thread/INFO]: Kyuukiya issued server command: /tp svartephilip
[21:44:24] [Server thread/INFO]: [Kyuukiya: Teleported Kyuukiya to svartephilip]
[21:46:16] [Server thread/INFO]: svartephilip issued server command: /backpack
[21:46:49] [Server thread/INFO]: Kyuukiya issued server command: /h summon Daisy_Girl
[21:47:24] [Server thread/INFO]: svartephilip issued server command: /backpack
[21:48:11] [Server thread/INFO]: [0;30;1m[[0;36;1mwSleep[0;30;1m][0;37;22m svartephilip is sleeping, time will be set to day in 5 seconds![m
[21:48:27] [Server thread/WARN]: Can't keep up! Is the server overloaded? Running 5703ms or 114 ticks behind
[21:48:58] [Server thread/INFO]: Kyuukiya issued server command: /backpack
[21:49:04] [Server thread/INFO]: svartephilip issued server command: /backpack
[21:49:38] [Server thread/WARN]: Can't keep up! Is the server overloaded? Running 5103ms or 102 ticks behind
[21:50:02] [Server thread/INFO]: Kyuukiya issued server command: /h banish
[21:50:05] [Server thread/INFO]: Kyuukiya issued server command: /tp svartephilip
[21:50:05] [Server thread/INFO]: [Kyuukiya: Teleported Kyuukiya to svartephilip]
[21:50:13] [Server thread/WARN]: Can't keep up! Is the server overloaded? Running 5449ms or 108 ticks behind
[21:51:15] [Server thread/INFO]: svartephilip issued server command: /backpack
[21:51:53] [Server thread/INFO]: svartephilip issued server command: /backpack Kyuukiya
[21:52:16] [Server thread/INFO]: svartephilip issued server command: /backpack
[21:52:33] [Server thread/INFO]: svartephilip issued server command: /backpack
[21:52:49] [Server thread/INFO]: svartephilip issued server command: /backpack
[21:53:29] [Server thread/INFO]: svartephilip issued server command: /backpack
[21:54:01] [Server thread/INFO]: svartephilip issued server command: /backpack
[21:54:42] [Server thread/INFO]: [0;32;1mAll horses saved to database.[m
[21:54:56] [Server thread/INFO]: Kyuukiya issued server command: /backpack svartephilip
[21:59:15] [Server thread/INFO]: svartephilip issued server command: /backpack
[22:05:12] [Server thread/INFO]: svartephilip was impaled by Drowned
[22:14:01] [Server thread/INFO]: Kyuukiya lost connection: Disconnected
[22:14:01] [Server thread/INFO]: Kyuukiya left the game
[22:14:05] [Server thread/INFO]: svartephilip lost connection: Disconnected
[22:14:05] [Server thread/INFO]: svartephilip left the game
[22:14:12] [Server thread/INFO]: Saving the game (this may take a moment!)
[22:14:12] [Server thread/INFO]: Saved the game
[22:14:14] [Server thread/INFO]: Stopping the server
[22:14:14] [Server thread/INFO]: Stopping server
[22:14:14] [Server thread/INFO]: [VeinMiner] Disabling VeinMiner v1.14.0
[22:14:14] [Server thread/INFO]: [VeinMiner] Clearing localized data
[22:14:14] [Server thread/INFO]: [ServerMinimap] Disabling ServerMinimap v0.7.19
[22:14:14] [Server thread/INFO]: [wSleep] Disabling wSleep v1.0
[22:14:14] [Server thread/INFO]: [mcMMOHorse] Disabling mcMMOHorse v4.3.53
[22:14:14] [Server thread/INFO]: [0;32;1mAll horses saved to database.[m
[22:14:14] [Server thread/INFO]: [PlugMan] Disabling PlugMan v2.1.6
[22:14:14] [Server thread/INFO]: [PermissionsEx] Disabling PermissionsEx v1.23.4
[22:14:14] [Server thread/INFO]: [HiddenLorax] Disabling HiddenLorax v1.1.1
[22:14:14] [Server thread/INFO]: [MinePacks] Disabling MinePacks v1.19.2
[22:14:14] [Server thread/INFO]: [MinePacks] Checking for updates ...
[22:14:15] [Server thread/INFO]: Minepacks-Connection-Pool - is closing down.
[22:14:18] [Server thread/INFO]: [MinePacks] MinePacks has been disabled.
[22:14:18] [Server thread/INFO]: [isSlimeChunk] Disabling isSlimeChunk v1.0.1
[22:14:18] [Server thread/INFO]: [Horse_Inspector] Disabling Horse_Inspector v1.2.0
[22:14:18] [Server thread/INFO]: [PluginConstructorAPI] Disabling PluginConstructorAPI v1.0.51
[22:14:18] [Server thread/INFO]: [dynmap] Disabling dynmap v3.0-beta-3-160
[22:14:18] [Server thread/ERROR]: Error occurred while disabling dynmap v3.0-beta-3-160 (Is it up to date?)
java.lang.NullPointerException: null
	at org.dynmap.bukkit.DynmapPlugin.onDisable(DynmapPlugin.java:927) ~[?:?]
	at org.bukkit.plugin.java.JavaPlugin.setEnabled(JavaPlugin.java:265) ~[spigot.jar:git-Spigot-4f661b2-d06991d]
	at org.bukkit.plugin.java.JavaPluginLoader.disablePlugin(JavaPluginLoader.java:377) [spigot.jar:git-Spigot-4f661b2-d06991d]
	at org.bukkit.plugin.SimplePluginManager.disablePlugin(SimplePluginManager.java:437) [spigot.jar:git-Spigot-4f661b2-d06991d]
	at org.bukkit.plugin.SimplePluginManager.disablePlugins(SimplePluginManager.java:429) [spigot.jar:git-Spigot-4f661b2-d06991d]
	at org.bukkit.craftbukkit.v1_14_R1.CraftServer.disablePlugins(CraftServer.java:392) [spigot.jar:git-Spigot-4f661b2-d06991d]
	at net.minecraft.server.v1_14_R1.MinecraftServer.stop(MinecraftServer.java:676) [spigot.jar:git-Spigot-4f661b2-d06991d]
	at net.minecraft.server.v1_14_R1.DedicatedServer.stop(DedicatedServer.java:695) [spigot.jar:git-Spigot-4f661b2-d06991d]
	at net.minecraft.server.v1_14_R1.MinecraftServer.run(MinecraftServer.java:842) [spigot.jar:git-Spigot-4f661b2-d06991d]
	at java.lang.Thread.run(Thread.java:748) [?:1.8.0_212]
[22:14:18] [Server thread/INFO]: Saving players
[22:14:18] [Server thread/INFO]: Saving worlds
[22:14:18] [Server thread/INFO]: Saving chunks for level 'world'/minecraft:overworld
[22:14:19] [Server thread/INFO]: ThreadedAnvilChunkStorage (world): All chunks are saved
[22:14:19] [Server thread/INFO]: Saving chunks for level 'world_nether'/minecraft:the_nether
[22:14:19] [Server thread/INFO]: ThreadedAnvilChunkStorage (DIM-1): All chunks are saved
[22:14:19] [Server thread/INFO]: Saving chunks for level 'world_the_end'/minecraft:the_end
[22:14:19] [Server thread/INFO]: ThreadedAnvilChunkStorage (DIM1): All chunks are saved
[22:14:19] [Server thread/INFO]: ThreadedAnvilChunkStorage (world): All chunks are saved
[22:14:19] [Server thread/INFO]: ThreadedAnvilChunkStorage (DIM-1): All chunks are saved
[22:14:19] [Server thread/INFO]: ThreadedAnvilChunkStorage (DIM1): All chunks are saved
